<?xml version="1.0" encoding="UTF-8"?>
<testng-results ignored="0" total="1" passed="1" failed="0" skipped="0">
  <reporter-output>
  </reporter-output>
  <suite started-at="2022-02-22T11:12:31 IST" name="Default suite" finished-at="2022-02-22T11:12:47 IST" duration-ms="16514">
    <groups>
    </groups>
    <test started-at="2022-02-22T11:12:31 IST" name="Default test" finished-at="2022-02-22T11:12:47 IST" duration-ms="16514">
      <class name="adactinghotel_app.Hotel_launch_application">
        <test-method is-config="true" signature="launch_browser()[pri:0, instance:adactinghotel_app.Hotel_launch_application@6392827e]" started-at="2022-02-22T11:12:31 IST" name="launch_browser" finished-at="2022-02-22T11:12:40 IST" duration-ms="8750" status="PASS">
          <reporter-output>
          </reporter-output>
        </test-method> <!-- launch_browser -->
        <test-method signature="Tc_12()[pri:11, instance:adactinghotel_app.Hotel_launch_application@6392827e]" started-at="2022-02-22T11:12:40 IST" name="Tc_12" finished-at="2022-02-22T11:12:47 IST" duration-ms="7373" status="PASS">
          <reporter-output>
          </reporter-output>
        </test-method> <!-- Tc_12 -->
        <test-method is-config="true" signature="Close_browser()[pri:0, instance:adactinghotel_app.Hotel_launch_application@6392827e]" started-at="2022-02-22T11:12:47 IST" name="Close_browser" finished-at="2022-02-22T11:12:47 IST" duration-ms="301" status="PASS">
          <reporter-output>
          </reporter-output>
        </test-method> <!-- Close_browser -->
      </class> <!-- adactinghotel_app.Hotel_launch_application -->
    </test> <!-- Default test -->
  </suite> <!-- Default suite -->
</testng-results>
